<?xml version="1.0" encoding="UTF-8"?>
<!-- Generated by org.testng.reporters.JUnitXMLReporter -->
<testsuite ignored="4" hostname="192.168.1.175" failures="0" tests="1" name="Default test" time="2.324" errors="0" timestamp="2023-01-11T12:09:07 GMT">
  <testcase classname="com.test.employee.EmployeeTest" name="getEmployeeTC01" time="1.408"/>
  <testcase classname="com.test.employee.EmployeeTest" name="putEmployeeTC03" time="0.0">
    <ignored/>
  </testcase> <!-- putEmployeeTC03 -->
  <testcase classname="com.test.employee.EmployeeTest" name="deleteEmployeeTC04" time="0.0">
    <ignored/>
  </testcase> <!-- deleteEmployeeTC04 -->
  <testcase classname="com.test.employee.EmployeeTest" name="getEmployeesTC00" time="0.0">
    <ignored/>
  </testcase> <!-- getEmployeesTC00 -->
  <testcase classname="com.test.employee.EmployeeTest" name="postEmployeeTC02" time="0.0">
    <ignored/>
  </testcase> <!-- postEmployeeTC02 -->
</testsuite> <!-- Default test -->
