<?xml version="1.0" encoding="UTF-8"?>
<testng-results ignored="4" total="5" passed="1" failed="0" skipped="0">
  <reporter-output>
  </reporter-output>
  <suite started-at="2023-01-11T12:09:04 GMT" name="Default suite" finished-at="2023-01-11T12:09:07 GMT" duration-ms="2324">
    <groups>
    </groups>
    <test started-at="2023-01-11T12:09:04 GMT" name="Default test" finished-at="2023-01-11T12:09:07 GMT" duration-ms="2324">
      <class name="com.test.employee.EmployeeTest">
        <test-method is-config="true" signature="initiate()[pri:0, instance:com.test.employee.EmployeeTest@793be5ca]" started-at="2023-01-11T12:09:05 GMT" name="initiate" finished-at="2023-01-11T12:09:05 GMT" duration-ms="846" status="PASS">
          <reporter-output>
          </reporter-output>
        </test-method> <!-- initiate -->
        <test-method signature="getEmployeeTC01()[pri:0, instance:com.test.employee.EmployeeTest@793be5ca]" started-at="2023-01-11T12:09:05 GMT" name="getEmployeeTC01" finished-at="2023-01-11T12:09:07 GMT" duration-ms="1408" status="PASS">
          <reporter-output>
          </reporter-output>
        </test-method> <!-- getEmployeeTC01 -->
      </class> <!-- com.test.employee.EmployeeTest -->
    </test> <!-- Default test -->
  </suite> <!-- Default suite -->
</testng-results>
